mode: set
github.com/deltran/gateway/internal/resilience/circuit_breaker.go:28.32,29.11 1 0
github.com/deltran/gateway/internal/resilience/circuit_breaker.go:30.19,31.18 1 0
github.com/deltran/gateway/internal/resilience/circuit_breaker.go:32.17,33.16 1 0
github.com/deltran/gateway/internal/resilience/circuit_breaker.go:34.21,35.21 1 0
github.com/deltran/gateway/internal/resilience/circuit_breaker.go:36.10,37.19 1 0
github.com/deltran/gateway/internal/resilience/circuit_breaker.go:72.41,78.41 1 1
github.com/deltran/gateway/internal/resilience/circuit_breaker.go:78.41,82.4 2 1
github.com/deltran/gateway/internal/resilience/circuit_breaker.go:83.58,85.4 1 0
github.com/deltran/gateway/internal/resilience/circuit_breaker.go:106.56,119.2 3 1
github.com/deltran/gateway/internal/resilience/circuit_breaker.go:122.58,124.16 2 1
github.com/deltran/gateway/internal/resilience/circuit_breaker.go:124.16,126.3 1 1
github.com/deltran/gateway/internal/resilience/circuit_breaker.go:128.2,128.15 1 1
github.com/deltran/gateway/internal/resilience/circuit_breaker.go:128.15,129.31 1 1
github.com/deltran/gateway/internal/resilience/circuit_breaker.go:129.31,131.12 2 0
github.com/deltran/gateway/internal/resilience/circuit_breaker.go:135.2,138.12 3 1
github.com/deltran/gateway/internal/resilience/circuit_breaker.go:142.101,144.16 2 1
github.com/deltran/gateway/internal/resilience/circuit_breaker.go:144.16,146.3 1 0
github.com/deltran/gateway/internal/resilience/circuit_breaker.go:148.2,148.15 1 1
github.com/deltran/gateway/internal/resilience/circuit_breaker.go:148.15,149.31 1 1
github.com/deltran/gateway/internal/resilience/circuit_breaker.go:149.31,151.12 2 0
github.com/deltran/gateway/internal/resilience/circuit_breaker.go:156.2,156.9 1 1
github.com/deltran/gateway/internal/resilience/circuit_breaker.go:157.20,159.19 2 0
github.com/deltran/gateway/internal/resilience/circuit_breaker.go:160.10,160.10 0 1
github.com/deltran/gateway/internal/resilience/circuit_breaker.go:163.2,166.12 3 1
github.com/deltran/gateway/internal/resilience/circuit_breaker.go:170.59,177.24 5 1
github.com/deltran/gateway/internal/resilience/circuit_breaker.go:177.24,179.3 1 1
github.com/deltran/gateway/internal/resilience/circuit_breaker.go:179.8,179.75 1 1
github.com/deltran/gateway/internal/resilience/circuit_breaker.go:179.75,181.3 1 0
github.com/deltran/gateway/internal/resilience/circuit_breaker.go:183.2,184.24 2 1
github.com/deltran/gateway/internal/resilience/circuit_breaker.go:188.69,196.26 5 1
github.com/deltran/gateway/internal/resilience/circuit_breaker.go:196.26,198.3 1 0
github.com/deltran/gateway/internal/resilience/circuit_breaker.go:200.2,200.13 1 1
github.com/deltran/gateway/internal/resilience/circuit_breaker.go:200.13,202.3 1 1
github.com/deltran/gateway/internal/resilience/circuit_breaker.go:202.8,204.3 1 1
github.com/deltran/gateway/internal/resilience/circuit_breaker.go:208.65,209.15 1 1
github.com/deltran/gateway/internal/resilience/circuit_breaker.go:210.19,213.36 3 1
github.com/deltran/gateway/internal/resilience/circuit_breaker.go:215.21,221.55 4 1
github.com/deltran/gateway/internal/resilience/circuit_breaker.go:221.55,223.4 1 1
github.com/deltran/gateway/internal/resilience/circuit_breaker.go:228.65,229.15 1 1
github.com/deltran/gateway/internal/resilience/circuit_breaker.go:230.19,236.32 4 1
github.com/deltran/gateway/internal/resilience/circuit_breaker.go:236.32,238.4 1 1
github.com/deltran/gateway/internal/resilience/circuit_breaker.go:240.21,242.30 1 0
github.com/deltran/gateway/internal/resilience/circuit_breaker.go:247.71,248.18 1 1
github.com/deltran/gateway/internal/resilience/circuit_breaker.go:249.19,251.51 1 1
github.com/deltran/gateway/internal/resilience/circuit_breaker.go:251.51,253.4 1 0
github.com/deltran/gateway/internal/resilience/circuit_breaker.go:255.17,257.28 1 1
github.com/deltran/gateway/internal/resilience/circuit_breaker.go:257.28,259.4 1 1
github.com/deltran/gateway/internal/resilience/circuit_breaker.go:262.2,262.32 1 1
github.com/deltran/gateway/internal/resilience/circuit_breaker.go:266.64,267.23 1 1
github.com/deltran/gateway/internal/resilience/circuit_breaker.go:267.23,269.3 1 0
github.com/deltran/gateway/internal/resilience/circuit_breaker.go:271.2,276.29 4 1
github.com/deltran/gateway/internal/resilience/circuit_breaker.go:276.29,278.3 1 0
github.com/deltran/gateway/internal/resilience/circuit_breaker.go:282.58,287.18 4 1
github.com/deltran/gateway/internal/resilience/circuit_breaker.go:288.19,289.23 1 1
github.com/deltran/gateway/internal/resilience/circuit_breaker.go:289.23,291.4 1 0
github.com/deltran/gateway/internal/resilience/circuit_breaker.go:291.9,293.4 1 1
github.com/deltran/gateway/internal/resilience/circuit_breaker.go:295.17,296.34 1 1
github.com/deltran/gateway/internal/resilience/circuit_breaker.go:298.10,299.19 1 1
github.com/deltran/gateway/internal/resilience/circuit_breaker.go:304.41,311.2 5 1
github.com/deltran/gateway/internal/resilience/circuit_breaker.go:314.43,319.2 3 1
github.com/deltran/gateway/internal/resilience/circuit_breaker.go:322.41,324.2 1 0
github.com/deltran/gateway/internal/resilience/circuit_breaker.go:327.35,333.2 4 1
github.com/deltran/gateway/internal/resilience/circuit_breaker.go:342.56,346.2 1 1
github.com/deltran/gateway/internal/resilience/circuit_breaker.go:349.82,354.12 4 1
github.com/deltran/gateway/internal/resilience/circuit_breaker.go:354.12,356.3 1 1
github.com/deltran/gateway/internal/resilience/circuit_breaker.go:358.2,363.12 4 1
github.com/deltran/gateway/internal/resilience/circuit_breaker.go:363.12,365.3 1 0
github.com/deltran/gateway/internal/resilience/circuit_breaker.go:368.2,368.19 1 1
github.com/deltran/gateway/internal/resilience/circuit_breaker.go:368.19,370.3 1 1
github.com/deltran/gateway/internal/resilience/circuit_breaker.go:370.8,372.3 1 0
github.com/deltran/gateway/internal/resilience/circuit_breaker.go:374.2,377.11 3 1
github.com/deltran/gateway/internal/resilience/circuit_breaker.go:381.69,386.31 4 1
github.com/deltran/gateway/internal/resilience/circuit_breaker.go:386.31,388.3 1 1
github.com/deltran/gateway/internal/resilience/circuit_breaker.go:390.2,390.15 1 1
github.com/deltran/gateway/internal/resilience/circuit_breaker.go:394.53,399.2 3 0
github.com/deltran/gateway/internal/resilience/circuit_breaker.go:402.52,407.12 4 1
github.com/deltran/gateway/internal/resilience/circuit_breaker.go:407.12,409.3 1 1
github.com/deltran/gateway/internal/resilience/circuit_breaker.go:413.44,417.32 3 1
github.com/deltran/gateway/internal/resilience/circuit_breaker.go:417.32,419.3 1 1
github.com/deltran/gateway/internal/resilience/circuit_breaker.go:435.52,441.32 4 0
github.com/deltran/gateway/internal/resilience/circuit_breaker.go:441.32,456.3 4 0
github.com/deltran/gateway/internal/resilience/circuit_breaker.go:458.2,458.14 1 0
github.com/deltran/gateway/internal/resilience/idempotency.go:37.94,38.14 1 0
github.com/deltran/gateway/internal/resilience/idempotency.go:38.14,40.3 1 0
github.com/deltran/gateway/internal/resilience/idempotency.go:42.2,46.3 1 0
github.com/deltran/gateway/internal/resilience/idempotency.go:50.135,53.35 2 0
github.com/deltran/gateway/internal/resilience/idempotency.go:53.35,56.3 1 0
github.com/deltran/gateway/internal/resilience/idempotency.go:59.2,60.16 2 0
github.com/deltran/gateway/internal/resilience/idempotency.go:60.16,62.3 1 0
github.com/deltran/gateway/internal/resilience/idempotency.go:65.2,65.63 1 0
github.com/deltran/gateway/internal/resilience/idempotency.go:65.63,68.3 1 0
github.com/deltran/gateway/internal/resilience/idempotency.go:70.2,70.32 1 0
github.com/deltran/gateway/internal/resilience/idempotency.go:74.114,86.16 4 0
github.com/deltran/gateway/internal/resilience/idempotency.go:86.16,88.3 1 0
github.com/deltran/gateway/internal/resilience/idempotency.go:90.2,90.72 1 0
github.com/deltran/gateway/internal/resilience/idempotency.go:90.72,92.3 1 0
github.com/deltran/gateway/internal/resilience/idempotency.go:94.2,94.12 1 0
github.com/deltran/gateway/internal/resilience/idempotency.go:98.96,102.16 3 0
github.com/deltran/gateway/internal/resilience/idempotency.go:102.16,103.23 1 0
github.com/deltran/gateway/internal/resilience/idempotency.go:103.23,105.4 1 0
github.com/deltran/gateway/internal/resilience/idempotency.go:106.3,106.62 1 0
github.com/deltran/gateway/internal/resilience/idempotency.go:109.2,110.54 2 0
github.com/deltran/gateway/internal/resilience/idempotency.go:110.54,112.3 1 0
github.com/deltran/gateway/internal/resilience/idempotency.go:115.2,115.46 1 0
github.com/deltran/gateway/internal/resilience/idempotency.go:115.46,117.3 1 0
github.com/deltran/gateway/internal/resilience/idempotency.go:119.2,119.21 1 0
github.com/deltran/gateway/internal/resilience/idempotency.go:123.77,126.2 2 0
github.com/deltran/gateway/internal/resilience/idempotency.go:129.85,132.16 3 0
github.com/deltran/gateway/internal/resilience/idempotency.go:132.16,134.3 1 0
github.com/deltran/gateway/internal/resilience/idempotency.go:135.2,135.23 1 0
github.com/deltran/gateway/internal/resilience/idempotency.go:139.56,141.25 2 1
github.com/deltran/gateway/internal/resilience/idempotency.go:141.25,143.3 1 1
github.com/deltran/gateway/internal/resilience/idempotency.go:144.2,145.18 2 1
github.com/deltran/gateway/internal/resilience/idempotency.go:145.18,147.3 1 1
github.com/deltran/gateway/internal/resilience/idempotency.go:148.2,148.18 1 0
github.com/deltran/gateway/internal/resilience/idempotency.go:152.92,154.2 1 1
github.com/deltran/gateway/internal/resilience/idempotency.go:165.120,171.16 4 0
github.com/deltran/gateway/internal/resilience/idempotency.go:171.16,173.3 1 0
github.com/deltran/gateway/internal/resilience/idempotency.go:175.2,175.14 1 0
github.com/deltran/gateway/internal/resilience/idempotency.go:175.14,177.3 1 0
github.com/deltran/gateway/internal/resilience/idempotency.go:179.2,184.8 1 0
github.com/deltran/gateway/internal/resilience/idempotency.go:188.62,199.16 3 0
github.com/deltran/gateway/internal/resilience/idempotency.go:199.16,201.3 1 0
github.com/deltran/gateway/internal/resilience/idempotency.go:203.2,203.12 1 0
github.com/deltran/gateway/internal/resilience/idempotency.go:207.85,217.16 3 0
github.com/deltran/gateway/internal/resilience/idempotency.go:217.16,219.3 1 0
github.com/deltran/gateway/internal/resilience/idempotency.go:221.2,221.12 1 0
github.com/deltran/gateway/internal/resilience/idempotency.go:225.122,227.16 2 0
github.com/deltran/gateway/internal/resilience/idempotency.go:227.16,229.3 1 0
github.com/deltran/gateway/internal/resilience/idempotency.go:231.2,231.15 1 0
github.com/deltran/gateway/internal/resilience/idempotency.go:231.15,232.43 1 0
github.com/deltran/gateway/internal/resilience/idempotency.go:232.43,234.4 1 0
github.com/deltran/gateway/internal/resilience/idempotency.go:237.2,237.13 1 0
github.com/deltran/gateway/internal/resilience/idempotency.go:249.88,255.6 4 0
github.com/deltran/gateway/internal/resilience/idempotency.go:255.6,257.17 2 0
github.com/deltran/gateway/internal/resilience/idempotency.go:257.17,259.4 1 0
github.com/deltran/gateway/internal/resilience/idempotency.go:261.3,264.18 3 0
github.com/deltran/gateway/internal/resilience/idempotency.go:264.18,265.9 1 0
github.com/deltran/gateway/internal/resilience/idempotency.go:269.2,271.8 1 0
github.com/deltran/gateway/internal/resilience/retry.go:42.40,49.62 1 0
github.com/deltran/gateway/internal/resilience/retry.go:49.62,51.4 1 0
github.com/deltran/gateway/internal/resilience/retry.go:56.56,57.76 1 1
github.com/deltran/gateway/internal/resilience/retry.go:57.76,59.3 1 1
github.com/deltran/gateway/internal/resilience/retry.go:63.99,64.19 1 1
github.com/deltran/gateway/internal/resilience/retry.go:64.19,66.3 1 0
github.com/deltran/gateway/internal/resilience/retry.go:68.2,70.61 2 1
github.com/deltran/gateway/internal/resilience/retry.go:70.61,72.10 1 1
github.com/deltran/gateway/internal/resilience/retry.go:73.21,74.20 1 0
github.com/deltran/gateway/internal/resilience/retry.go:75.11,75.11 0 1
github.com/deltran/gateway/internal/resilience/retry.go:79.3,82.17 2 1
github.com/deltran/gateway/internal/resilience/retry.go:82.17,84.4 1 1
github.com/deltran/gateway/internal/resilience/retry.go:86.3,89.48 2 1
github.com/deltran/gateway/internal/resilience/retry.go:89.48,91.4 1 1
github.com/deltran/gateway/internal/resilience/retry.go:94.3,94.36 1 1
github.com/deltran/gateway/internal/resilience/retry.go:94.36,95.9 1 0
github.com/deltran/gateway/internal/resilience/retry.go:99.3,102.28 2 1
github.com/deltran/gateway/internal/resilience/retry.go:102.28,104.4 1 0
github.com/deltran/gateway/internal/resilience/retry.go:107.3,107.10 1 1
github.com/deltran/gateway/internal/resilience/retry.go:108.21,109.20 1 1
github.com/deltran/gateway/internal/resilience/retry.go:110.28,110.28 0 1
github.com/deltran/gateway/internal/resilience/retry.go:114.2,114.61 1 0
github.com/deltran/gateway/internal/resilience/retry.go:118.69,123.38 2 1
github.com/deltran/gateway/internal/resilience/retry.go:123.38,125.3 1 0
github.com/deltran/gateway/internal/resilience/retry.go:128.2,128.19 1 1
github.com/deltran/gateway/internal/resilience/retry.go:128.19,130.3 1 0
github.com/deltran/gateway/internal/resilience/retry.go:132.2,132.29 1 1
github.com/deltran/gateway/internal/resilience/retry.go:136.39,139.2 2 1
github.com/deltran/gateway/internal/resilience/retry.go:142.59,144.31 1 1
github.com/deltran/gateway/internal/resilience/retry.go:144.31,146.3 1 1
github.com/deltran/gateway/internal/resilience/retry.go:149.2,149.43 1 1
github.com/deltran/gateway/internal/resilience/retry.go:149.43,150.31 1 1
github.com/deltran/gateway/internal/resilience/retry.go:150.31,152.4 1 1
github.com/deltran/gateway/internal/resilience/retry.go:155.2,155.14 1 1
github.com/deltran/gateway/internal/resilience/retry.go:164.55,165.19 1 0
github.com/deltran/gateway/internal/resilience/retry.go:165.19,167.3 1 0
github.com/deltran/gateway/internal/resilience/retry.go:168.2,168.37 1 0
github.com/deltran/gateway/internal/resilience/retry.go:172.54,174.2 1 0
github.com/deltran/gateway/internal/resilience/retry.go:177.97,179.2 1 0
github.com/deltran/gateway/internal/resilience/retry.go:182.99,183.94 1 0
github.com/deltran/gateway/internal/resilience/retry.go:183.94,185.3 1 0
github.com/deltran/gateway/internal/resilience/retry.go:189.142,190.24 1 1
github.com/deltran/gateway/internal/resilience/retry.go:190.24,192.3 1 0
github.com/deltran/gateway/internal/resilience/retry.go:194.2,196.66 2 1
github.com/deltran/gateway/internal/resilience/retry.go:196.66,198.10 1 1
github.com/deltran/gateway/internal/resilience/retry.go:199.21,200.20 1 0
github.com/deltran/gateway/internal/resilience/retry.go:201.11,201.11 0 1
github.com/deltran/gateway/internal/resilience/retry.go:205.3,208.17 2 1
github.com/deltran/gateway/internal/resilience/retry.go:208.17,210.4 1 1
github.com/deltran/gateway/internal/resilience/retry.go:212.3,215.37 2 1
github.com/deltran/gateway/internal/resilience/retry.go:215.37,217.4 1 0
github.com/deltran/gateway/internal/resilience/retry.go:220.3,220.53 1 1
github.com/deltran/gateway/internal/resilience/retry.go:220.53,222.4 1 0
github.com/deltran/gateway/internal/resilience/retry.go:225.3,225.41 1 1
github.com/deltran/gateway/internal/resilience/retry.go:225.41,226.9 1 0
github.com/deltran/gateway/internal/resilience/retry.go:230.3,233.33 2 1
github.com/deltran/gateway/internal/resilience/retry.go:233.33,235.4 1 0
github.com/deltran/gateway/internal/resilience/retry.go:238.3,238.10 1 1
github.com/deltran/gateway/internal/resilience/retry.go:239.21,240.20 1 0
github.com/deltran/gateway/internal/resilience/retry.go:241.28,241.28 0 1
github.com/deltran/gateway/internal/resilience/retry.go:245.2,245.61 1 0
github.com/deltran/gateway/internal/resilience/retry.go:258.54,266.2 1 1
github.com/deltran/gateway/internal/resilience/retry.go:269.68,270.17 1 1
github.com/deltran/gateway/internal/resilience/retry.go:270.17,272.3 1 0
github.com/deltran/gateway/internal/resilience/retry.go:274.2,276.37 2 1
github.com/deltran/gateway/internal/resilience/retry.go:276.37,278.3 1 1
github.com/deltran/gateway/internal/resilience/retry.go:280.2,280.15 1 1
github.com/deltran/gateway/internal/resilience/retry.go:280.15,282.3 1 1
github.com/deltran/gateway/internal/resilience/retry.go:284.2,284.29 1 1
github.com/deltran/gateway/internal/resilience/retry.go:288.61,290.2 1 0
github.com/deltran/gateway/internal/resilience/retry.go:302.44,310.2 1 0
github.com/deltran/gateway/internal/resilience/retry.go:313.63,314.17 1 1
github.com/deltran/gateway/internal/resilience/retry.go:314.17,316.3 1 0
github.com/deltran/gateway/internal/resilience/retry.go:318.2,320.37 2 1
github.com/deltran/gateway/internal/resilience/retry.go:320.37,322.3 1 1
github.com/deltran/gateway/internal/resilience/retry.go:324.2,324.15 1 1
github.com/deltran/gateway/internal/resilience/retry.go:324.15,326.3 1 0
github.com/deltran/gateway/internal/resilience/retry.go:328.2,328.29 1 1
github.com/deltran/gateway/internal/resilience/retry.go:332.56,334.2 1 0
github.com/deltran/gateway/internal/resilience/retry.go:344.48,350.2 1 1
github.com/deltran/gateway/internal/resilience/retry.go:353.65,356.15 2 1
github.com/deltran/gateway/internal/resilience/retry.go:356.15,358.3 1 0
github.com/deltran/gateway/internal/resilience/retry.go:360.2,360.29 1 1
github.com/deltran/gateway/internal/resilience/retry.go:364.58,366.2 1 0
github.com/deltran/gateway/internal/resilience/retry.go:375.167,379.6 3 0
github.com/deltran/gateway/internal/resilience/retry.go:379.6,381.10 1 0
github.com/deltran/gateway/internal/resilience/retry.go:382.21,383.20 1 0
github.com/deltran/gateway/internal/resilience/retry.go:384.11,384.11 0 0
github.com/deltran/gateway/internal/resilience/retry.go:388.3,391.17 2 0
github.com/deltran/gateway/internal/resilience/retry.go:391.17,393.4 1 0
github.com/deltran/gateway/internal/resilience/retry.go:395.3,398.37 2 0
github.com/deltran/gateway/internal/resilience/retry.go:398.37,399.9 1 0
github.com/deltran/gateway/internal/resilience/retry.go:403.3,406.21 2 0
github.com/deltran/gateway/internal/resilience/retry.go:406.21,408.4 1 0
github.com/deltran/gateway/internal/resilience/retry.go:411.3,411.10 1 0
github.com/deltran/gateway/internal/resilience/retry.go:412.21,413.20 1 0
github.com/deltran/gateway/internal/resilience/retry.go:414.28,414.28 0 0
github.com/deltran/gateway/internal/resilience/retry.go:417.3,417.12 1 0
github.com/deltran/gateway/internal/resilience/retry.go:420.2,420.61 1 0
